<?xml version="1.0" encoding="UTF-8"?>
<!-- Generated by org.testng.reporters.JUnitReportReporter -->
<testsuite hostname="DESKTOP-TTJOHQM" failures="0" tests="5" name="Test_Pages.Home_Tests" time="3.772" errors="0" timestamp="2023-09-08T19:34:16 EET" skipped="0">
  <testcase classname="Test_Pages.Home_Tests" name="Verify_Login_Page" time="0.937"/>
  <system-out/>
  <testcase classname="Test_Pages.Home_Tests" name="Validate_true_login" time="0.637"/>
  <system-out/>
  <testcase classname="Test_Pages.Home_Tests" name="Validate_add_to_cart" time="0.275"/>
  <system-out/>
  <testcase classname="Test_Pages.Home_Tests" name="Validate_cart_checkout" time="1.417"/>
  <system-out/>
  <testcase classname="Test_Pages.Home_Tests" name="Validate_logout" time="0.506"/>
  <system-out/>
</testsuite> <!-- Test_Pages.Home_Tests -->
