<?xml version="1.0" encoding="UTF-8"?>
<!-- Generated by org.testng.reporters.JUnitReportReporter -->
<testsuite hostname="DESKTOP-TTJOHQM" failures="0" tests="5" name="Test_Pages.Order" time="2.904" errors="0" timestamp="2023-09-09T11:25:29 EET" skipped="0">
  <testcase classname="Test_Pages.Order" name="Verify_Login_Page" time="0.016"/>
  <system-out/>
  <testcase classname="Test_Pages.Order" name="Validate_true_login" time="0.625"/>
  <system-out/>
  <testcase classname="Test_Pages.Order" name="Validate_add_to_cart" time="0.421"/>
  <system-out/>
  <testcase classname="Test_Pages.Order" name="Validate_cart_checkout" time="1.339"/>
  <system-out/>
  <testcase classname="Test_Pages.Order" name="Validate_logout" time="0.503"/>
  <system-out/>
</testsuite> <!-- Test_Pages.Order -->
